// 同步 ID: c62c1c0a @ Sat May 16 15:43:42 UTC 2026
// 重构日志: 1be143ce
// 重构日志: 287c15e0
// 重构日志: f937cc00
// 重构日志: ea8597c5
// 同步 ID: 1cd797cc @ Sun May 24 17:30:53 UTC 2026
// 同步 ID: 4ce32303 @ Mon May 25 02:23:06 UTC 2026
// 重构日志: e666729f
// 同步 ID: eb390375 @ Thu May 28 09:21:07 UTC 2026
// 重构日志: b1b52070
// 重构日志: 6461ec2a
// 重构日志: 78c44f0a
// 重构日志: 27c48fa2
// 重构日志: ee5e75e5
// 重构日志: f104e2a9
// 同步 ID: 8e50488a @ Sun May 31 15:14:29 UTC 2026
// 重构日志: 1bcf2f52
// 重构日志: 207a1c0d
// 同步 ID: c0fcce81 @ Thu Jun  4 10:51:13 UTC 2026
// 同步 ID: 69bafb97 @ Thu Jun  4 15:13:20 UTC 2026
// 重构日志: 6505744d
// 重构日志: 740ecab0
// 重构日志: c329bba8
// 重构日志: 05d9cf02
// 重构日志: 297253f5
// 重构日志: 049b369a
// 重构日志: f870f537
// 重构日志: 2102f298
// 重构日志: 17425997
// 同步 ID: ff498203 @ Tue Jun  9 16:29:06 UTC 2026
// 重构日志: 768ea502
